Start testing: Jan 31 00:31 IST
----------------------------------------------------------
1/1 Testing: tensor_test
1/1 Test: tensor_test
Command: "/Users/sujith/Desktop/IITB/assignment_github_folder/build/tests/test_tensor"
Directory: /Users/sujith/Desktop/IITB/assignment_github_folder/build/tests
"tensor_test" start time: Jan 31 00:31 IST
Output:
----------------------------------------------------------
test_tensor passed
<end of output>
Test time =   0.75 sec
----------------------------------------------------------
Test Passed.
"tensor_test" end time: Jan 31 00:31 IST
"tensor_test" time elapsed: 00:00:00
----------------------------------------------------------

End testing: Jan 31 00:31 IST
